<?xml version="1.0" encoding="UTF-8"?>
<!-- Generated by org.testng.reporters.JUnitReportReporter -->
<testsuite hostname="LAPTOP-BA3R60V7" failures="0" tests="2" name="PracticeMaven1.ContactTest" time="0.722" errors="0" timestamp="2026-04-16T09:06:54 IST" skipped="0">
  <testcase classname="PracticeMaven1.ContactTest" name="modifyContactTest" time="0.089"/>
  <testcase classname="PracticeMaven1.ContactTest" name="createContactTest" time="0.633"/>
</testsuite> <!-- PracticeMaven1.ContactTest -->
