<?xml version="1.0" encoding="UTF-8"?>
<testng-results ignored="0" total="2" passed="2" failed="0" skipped="0">
  <reporter-output>
  </reporter-output>
  <suite started-at="2026-04-16T09:07:37 IST" name="Default suite" finished-at="2026-04-16T09:07:38 IST" duration-ms="915">
    <groups>
    </groups>
    <test started-at="2026-04-16T09:07:37 IST" name="Default test" finished-at="2026-04-16T09:07:38 IST" duration-ms="915">
      <class name="PracticeMaven2.Org">
        <test-method signature="createOrgTest()[pri:0, instance:PracticeMaven2.Org@515c6049]" started-at="2026-04-16T09:07:37 IST" name="createOrgTest" finished-at="2026-04-16T09:07:37 IST" duration-ms="132" status="PASS">
          <reporter-output>
          </reporter-output>
        </test-method> <!-- createOrgTest -->
        <test-method signature="modifyOrgTest()[pri:0, instance:PracticeMaven2.Org@515c6049]" started-at="2026-04-16T09:07:37 IST" name="modifyOrgTest" finished-at="2026-04-16T09:07:38 IST" duration-ms="301" status="PASS">
          <reporter-output>
          </reporter-output>
        </test-method> <!-- modifyOrgTest -->
      </class> <!-- PracticeMaven2.Org -->
    </test> <!-- Default test -->
  </suite> <!-- Default suite -->
</testng-results>
